<?xml version="1.0" encoding="UTF-8"?>
<!-- Generated by org.testng.reporters.JUnitReportReporter -->
<testsuite hostname="Socoon" failures="0" tests="1" name="testCases.LoginCase" time="0.442" errors="0" timestamp="2025-07-15T01:36:48 EEST" skipped="0">
  <testcase classname="testCases.LoginCase" name="loginSteps" time="0.442"/>
</testsuite> <!-- testCases.LoginCase -->
